e:\kodlama\yapaysınırağları\homework\homework2\debug\vc142.pdb
e:\kodlama\yapaysınırağları\homework\homework2\debug\.netframework,versıon=v4.7.1.assemblyattrıbutes.obj
e:\kodlama\yapaysınırağları\homework\homework2\debug\myform.obj
e:\kodlama\yapaysinirağları\homework\homework2\debug\homework2.myform.resources
e:\kodlama\yapaysınırağları\homework\homework2\debug\homework2.exe
e:\kodlama\yapaysınırağları\homework\homework2\debug\homework2.pdb
e:\kodlama\yapaysınırağları\homework\homework2\debug\homework2.tlog\metagen.wrıte.1.tlog
e:\kodlama\yapaysinirağları\homework\homework2\debug\.netframework,version=v4.7.1.assemblyattributes.obj
e:\kodlama\yapaysinirağları\homework\homework2\debug\myform.obj
e:\kodlama\yapaysinirağları\homework\homework2\debug\vc142.pdb
e:\kodlama\yapaysinirağları\homework\homework2\debug\homework2.exe.metagen
e:\kodlama\yapaysinirağları\homework\homework2\debug\homework2.tlog\cl.command.1.tlog
e:\kodlama\yapaysinirağları\homework\homework2\debug\homework2.tlog\cl.read.1.tlog
e:\kodlama\yapaysinirağları\homework\homework2\debug\homework2.tlog\cl.write.1.tlog
e:\kodlama\yapaysinirağları\homework\homework2\debug\homework2.tlog\homework2.write.1u.tlog
e:\kodlama\yapaysinirağları\homework\homework2\debug\homework2.tlog\link.command.1.tlog
e:\kodlama\yapaysinirağları\homework\homework2\debug\homework2.tlog\link.read.1.tlog
e:\kodlama\yapaysinirağları\homework\homework2\debug\homework2.tlog\link.write.1.tlog
e:\kodlama\yapaysinirağları\homework\homework2\debug\homework2.tlog\metagen.read.1.tlog
e:\kodlama\yapaysinirağları\homework\homework2\debug\homework2.tlog\metagen.write.1.tlog
e:\kodlama\yapaysinirağları\homework\homework2\debug\homework2.tlog\system.data.dll.metagen
e:\kodlama\yapaysinirağları\homework\homework2\debug\homework2.tlog\system.dll.metagen
e:\kodlama\yapaysinirağları\homework\homework2\debug\homework2.tlog\system.drawıng.dll.metagen
e:\kodlama\yapaysinirağları\homework\homework2\debug\homework2.tlog\system.wındows.forms.dll.metagen
e:\kodlama\yapaysinirağları\homework\homework2\debug\homework2.tlog\system.xml.dll.metagen
e:\kodlama\yapaysinirağları\homework\homework2\debug\homework2.tlog\clr.dll.bi
e:\kodlama\yapaysinirağları\homework\homework2\debug\homework2.tlog\mscorwks.dll.bi
e:\kodlama\yapaysinirağları\homework\homework2\debug\homework2.tlog\tzres.dll.bi
